<?xml version="1.0" encoding="UTF-8"?>
<!-- Generated by org.testng.reporters.JUnitReportReporter -->
<testsuite hostname="DESKTOP-GCKUP8E" failures="0" tests="1" name="com.example.runners.ExcelUploadRunner" time="45.695" errors="0" timestamp="2023-12-20T10:20:41 IST" skipped="0">
  <testcase classname="com.example.runners.ExcelUploadRunner" name="runScenario" time="45.695"/>
  <system-out/>
</testsuite> <!-- com.example.runners.ExcelUploadRunner -->
