<?xml version="1.0" encoding="UTF-8"?>
<!-- Generated by org.testng.reporters.JUnitReportReporter -->
<testsuite hostname="DESKTOP-GCKUP8E" failures="0" tests="9" name="com.example.runners.EventAllocationRunner" time="410.784" errors="0" timestamp="2023-07-24T14:15:12 IST" skipped="0">
  <testcase classname="com.example.runners.EventAllocationRunner" name="runScenario" time="45.711"/>
  <system-out/>
  <testcase classname="com.example.runners.EventAllocationRunner" name="runScenario" time="41.878"/>
  <system-out/>
  <testcase classname="com.example.runners.EventAllocationRunner" name="runScenario" time="76.532"/>
  <system-out/>
  <testcase classname="com.example.runners.EventAllocationRunner" name="runScenario" time="42.384"/>
  <system-out/>
  <testcase classname="com.example.runners.EventAllocationRunner" name="runScenario" time="43.549"/>
  <system-out/>
  <testcase classname="com.example.runners.EventAllocationRunner" name="runScenario" time="42.805"/>
  <system-out/>
  <testcase classname="com.example.runners.EventAllocationRunner" name="runScenario" time="30.897"/>
  <system-out/>
  <testcase classname="com.example.runners.EventAllocationRunner" name="runScenario" time="40.703"/>
  <system-out/>
  <testcase classname="com.example.runners.EventAllocationRunner" name="runScenario" time="46.325"/>
  <system-out/>
</testsuite> <!-- com.example.runners.EventAllocationRunner -->
