<?xml version="1.0" encoding="UTF-8"?>
<!-- Generated by org.testng.reporters.JUnitReportReporter -->
<testsuite hostname="DESKTOP-GCKUP8E" failures="0" tests="16" name="com.example.runners.UserAllocationRunner" time="807.369" errors="0" timestamp="2023-07-24T13:24:46 IST" skipped="0">
  <testcase classname="com.example.runners.UserAllocationRunner" name="runScenario" time="49.686"/>
  <system-out/>
  <testcase classname="com.example.runners.UserAllocationRunner" name="runScenario" time="50.860"/>
  <system-out/>
  <testcase classname="com.example.runners.UserAllocationRunner" name="runScenario" time="39.219"/>
  <system-out/>
  <testcase classname="com.example.runners.UserAllocationRunner" name="runScenario" time="29.343"/>
  <system-out/>
  <testcase classname="com.example.runners.UserAllocationRunner" name="runScenario" time="145.861"/>
  <system-out/>
  <testcase classname="com.example.runners.UserAllocationRunner" name="runScenario" time="49.656"/>
  <system-out/>
  <testcase classname="com.example.runners.UserAllocationRunner" name="runScenario" time="29.060"/>
  <system-out/>
  <testcase classname="com.example.runners.UserAllocationRunner" name="runScenario" time="42.596"/>
  <system-out/>
  <testcase classname="com.example.runners.UserAllocationRunner" name="runScenario" time="38.308"/>
  <system-out/>
  <testcase classname="com.example.runners.UserAllocationRunner" name="runScenario" time="40.682"/>
  <system-out/>
  <testcase classname="com.example.runners.UserAllocationRunner" name="runScenario" time="49.910"/>
  <system-out/>
  <testcase classname="com.example.runners.UserAllocationRunner" name="runScenario" time="29.192"/>
  <system-out/>
  <testcase classname="com.example.runners.UserAllocationRunner" name="runScenario" time="40.388"/>
  <system-out/>
  <testcase classname="com.example.runners.UserAllocationRunner" name="runScenario" time="106.213"/>
  <system-out/>
  <testcase classname="com.example.runners.UserAllocationRunner" name="runScenario" time="29.386"/>
  <system-out/>
  <testcase classname="com.example.runners.UserAllocationRunner" name="runScenario" time="37.009"/>
  <system-out/>
</testsuite> <!-- com.example.runners.UserAllocationRunner -->
