<?xml version="1.0" encoding="UTF-8"?>
<!-- Generated by org.testng.reporters.JUnitReportReporter -->
<testsuite hostname="DESKTOP-GCKUP8E" failures="0" tests="3" name="com.example.runners.StateRunner" time="110.506" errors="0" timestamp="2023-12-14T12:21:03 IST" skipped="0">
  <testcase classname="com.example.runners.StateRunner" name="runScenario" time="37.439"/>
  <system-out/>
  <testcase classname="com.example.runners.StateRunner" name="runScenario" time="35.928"/>
  <system-out/>
  <testcase classname="com.example.runners.StateRunner" name="runScenario" time="37.139"/>
  <system-out/>
</testsuite> <!-- com.example.runners.StateRunner -->
