<?xml version="1.0" encoding="UTF-8"?>
<!-- Generated by org.testng.reporters.JUnitReportReporter -->
<testsuite hostname="DESKTOP-5116VPI" failures="0" tests="1" name="com.example.runners.RegistrationRunner" time="18.463" errors="0" timestamp="2025-03-01T13:36:31 IST" skipped="0">
  <testcase classname="com.example.runners.RegistrationRunner" name="runScenario" time="18.463"/>
  <system-out/>
</testsuite> <!-- com.example.runners.RegistrationRunner -->
