<?xml version="1.0" encoding="UTF-8"?>
<!-- Generated by org.testng.reporters.JUnitReportReporter -->
<testsuite hostname="DESKTOP-GCKUP8E" failures="0" tests="3" name="com.example.runners.CountryRunner" time="113.529" errors="0" timestamp="2023-12-14T11:53:03 IST" skipped="0">
  <testcase classname="com.example.runners.CountryRunner" name="runScenario" time="38.177"/>
  <system-out/>
  <testcase classname="com.example.runners.CountryRunner" name="runScenario" time="36.090"/>
  <system-out/>
  <testcase classname="com.example.runners.CountryRunner" name="runScenario" time="39.262"/>
  <system-out/>
</testsuite> <!-- com.example.runners.CountryRunner -->
