<?xml version="1.0" encoding="UTF-8"?>
<!-- Generated by org.testng.reporters.JUnitReportReporter -->
<testsuite hostname="DESKTOP-GCKUP8E" failures="0" tests="1" name="com.example.runners.EntityLocationRunner" time="86.436" errors="0" timestamp="2023-12-04T17:46:08 IST" skipped="0">
  <testcase classname="com.example.runners.EntityLocationRunner" name="runScenario" time="86.436"/>
  <system-out/>
</testsuite> <!-- com.example.runners.EntityLocationRunner -->
