<?xml version="1.0" encoding="UTF-8"?>
<!-- Generated by org.testng.reporters.JUnitReportReporter -->
<testsuite hostname="DESKTOP-GCKUP8E" failures="0" tests="4" name="com.example.runners.IndustryRunner" time="169.749" errors="0" timestamp="2023-12-12T18:20:34 IST" skipped="0">
  <testcase classname="com.example.runners.IndustryRunner" name="runScenario" time="40.231"/>
  <system-out/>
  <testcase classname="com.example.runners.IndustryRunner" name="runScenario" time="43.556"/>
  <system-out/>
  <testcase classname="com.example.runners.IndustryRunner" name="runScenario" time="45.627"/>
  <system-out/>
  <testcase classname="com.example.runners.IndustryRunner" name="runScenario" time="40.335"/>
  <system-out/>
</testsuite> <!-- com.example.runners.IndustryRunner -->
