<?xml version="1.0" encoding="UTF-8"?>
<!-- Generated by org.testng.reporters.JUnitReportReporter -->
<testsuite hostname="LAPTOP-RCN6L798" failures="0" tests="1" name="Runner.TestRunner" time="0.214" errors="0" timestamp="2023-05-22T11:41:38 IST" skipped="1">
  <testcase classname="Runner.TestRunner" name="runScenario" time="0.214">
    <skipped/>
  </testcase> <!-- runScenario -->
  <system-out/>
</testsuite> <!-- Runner.TestRunner -->
