<?xml version="1.0" encoding="UTF-8"?>
<!-- Generated by org.testng.reporters.JUnitReportReporter -->
<testsuite hostname="DESKTOP-5116VPI" failures="0" tests="1" name="com.example.runners.TenantRunner" time="16.966" errors="0" timestamp="2025-02-26T00:19:41 IST" skipped="0">
  <testcase classname="com.example.runners.TenantRunner" name="runScenario" time="16.966"/>
  <system-out/>
</testsuite> <!-- com.example.runners.TenantRunner -->
