<?xml version="1.0" encoding="UTF-8"?>
<!-- Generated by org.testng.reporters.JUnitReportReporter -->
<testsuite hostname="DESKTOP-GCKUP8E" failures="0" tests="1" name="com.example.runners.UploadComplianceRunner" time="31.164" errors="0" timestamp="2023-12-14T18:43:27 IST" skipped="0">
  <testcase classname="com.example.runners.UploadComplianceRunner" name="runScenario" time="31.164"/>
  <system-out/>
</testsuite> <!-- com.example.runners.UploadComplianceRunner -->
