<?xml version="1.0" encoding="UTF-8"?>
<!-- Generated by org.testng.reporters.JUnitReportReporter -->
<testsuite hostname="DESKTOP-GCKUP8E" failures="0" tests="1" name="com.example.runners.EntityRunner" time="127.455" errors="0" timestamp="2023-11-30T16:12:09 IST" skipped="0">
  <testcase classname="com.example.runners.EntityRunner" name="runScenario" time="127.455"/>
  <system-out/>
</testsuite> <!-- com.example.runners.EntityRunner -->
