<?xml version="1.0" encoding="UTF-8"?>
<!-- Generated by org.testng.reporters.JUnitReportReporter -->
<testsuite hostname="DESKTOP-GCKUP8E" failures="0" tests="2" name="com.example.runners.viewAllocationRunner" time="670.639" errors="0" timestamp="2023-08-01T14:03:31 IST" skipped="0">
  <testcase classname="com.example.runners.viewAllocationRunner" name="runScenario" time="154.423"/>
  <system-out/>
  <testcase classname="com.example.runners.viewAllocationRunner" name="runScenario" time="516.216"/>
  <system-out/>
</testsuite> <!-- com.example.runners.viewAllocationRunner -->
