<?xml version="1.0" encoding="UTF-8"?>
<!-- Generated by org.testng.reporters.JUnitReportReporter -->
<testsuite hostname="DESKTOP-GCKUP8E" failures="0" tests="1" name="com.example.runners.UserRunner" time="87.576" errors="0" timestamp="2023-11-30T18:26:02 IST" skipped="0">
  <testcase classname="com.example.runners.UserRunner" name="runScenario" time="87.576"/>
  <system-out/>
</testsuite> <!-- com.example.runners.UserRunner -->
