<?xml version="1.0" encoding="UTF-8"?>
<!-- Generated by org.testng.reporters.JUnitReportReporter -->
<testsuite hostname="DESKTOP-GCKUP8E" failures="0" tests="1" name="com.example.runners.TrackAllocationRunner" time="0.295" errors="0" timestamp="2023-08-01T16:11:43 IST" skipped="0">
  <testcase classname="com.example.runners.TrackAllocationRunner" name="runScenario" time="0.295"/>
  <system-out/>
</testsuite> <!-- com.example.runners.TrackAllocationRunner -->
