<?xml version="1.0" encoding="UTF-8"?>
<!-- Generated by org.testng.reporters.JUnitReportReporter -->
<testsuite hostname="DESKTOP-GCKUP8E" failures="0" tests="2" name="com.example.runners.DepartmentRunner" time="80.404" errors="0" timestamp="2023-12-06T19:37:58 IST" skipped="0">
  <testcase classname="com.example.runners.DepartmentRunner" name="runScenario" time="41.900"/>
  <system-out/>
  <testcase classname="com.example.runners.DepartmentRunner" name="runScenario" time="38.504"/>
  <system-out/>
</testsuite> <!-- com.example.runners.DepartmentRunner -->
