<?xml version="1.0" encoding="UTF-8"?>
<!-- Generated by org.testng.reporters.JUnitReportReporter -->
<testsuite hostname="DESKTOP-GCKUP8E" failures="0" tests="9" name="com.example.runners.NewAllocationRunner" time="407.910" errors="0" timestamp="2023-07-24T13:24:46 IST" skipped="0">
  <testcase classname="com.example.runners.NewAllocationRunner" name="runScenario" time="41.226"/>
  <system-out/>
  <testcase classname="com.example.runners.NewAllocationRunner" name="runScenario" time="89.063"/>
  <system-out/>
  <testcase classname="com.example.runners.NewAllocationRunner" name="runScenario" time="39.303"/>
  <system-out/>
  <testcase classname="com.example.runners.NewAllocationRunner" name="runScenario" time="43.374"/>
  <system-out/>
  <testcase classname="com.example.runners.NewAllocationRunner" name="runScenario" time="30.897"/>
  <system-out/>
  <testcase classname="com.example.runners.NewAllocationRunner" name="runScenario" time="41.252"/>
  <system-out/>
  <testcase classname="com.example.runners.NewAllocationRunner" name="runScenario" time="38.056"/>
  <system-out/>
  <testcase classname="com.example.runners.NewAllocationRunner" name="runScenario" time="43.440"/>
  <system-out/>
  <testcase classname="com.example.runners.NewAllocationRunner" name="runScenario" time="41.299"/>
  <system-out/>
</testsuite> <!-- com.example.runners.NewAllocationRunner -->
