<?xml version="1.0" encoding="UTF-8"?>
<!-- Generated by org.testng.reporters.JUnitReportReporter -->
<testsuite hostname="DESKTOP-GCKUP8E" failures="0" tests="2" name="com.example.runners.SectionRuleRunner" time="90.263" errors="0" timestamp="2023-12-12T15:43:35 IST" skipped="0">
  <testcase classname="com.example.runners.SectionRuleRunner" name="runScenario" time="42.549"/>
  <system-out/>
  <testcase classname="com.example.runners.SectionRuleRunner" name="runScenario" time="47.714"/>
  <system-out/>
</testsuite> <!-- com.example.runners.SectionRuleRunner -->
