<?xml version="1.0" encoding="UTF-8"?>
<!-- Generated by org.testng.reporters.JUnitReportReporter -->
<testsuite hostname="DESKTOP-GCKUP8E" failures="0" tests="2" name="com.example.runners.LawCategoryRunner" time="85.236" errors="0" timestamp="2023-12-11T18:52:31 IST" skipped="0">
  <testcase classname="com.example.runners.LawCategoryRunner" name="runScenario" time="43.075"/>
  <system-out/>
  <testcase classname="com.example.runners.LawCategoryRunner" name="runScenario" time="42.161"/>
  <system-out/>
</testsuite> <!-- com.example.runners.LawCategoryRunner -->
