<?xml version="1.0" encoding="UTF-8"?>
<!-- Generated by org.testng.reporters.JUnitReportReporter -->
<testsuite hostname="DESKTOP-GCKUP8E" failures="2" tests="2" name="com.example.runners.EventMasterRunner" time="60.861" errors="0" timestamp="2023-12-12T19:03:08 IST" skipped="0">
  <testcase classname="com.example.runners.EventMasterRunner" name="runScenario" time="28.708">
    <failure message="expected [https://gt1.hcshub.in/home] but found [https://gt1.hcshub.in/events]" type="java.lang.AssertionError">
      <![CDATA[java.lang.AssertionError: expected [https://gt1.hcshub.in/home] but found [https://gt1.hcshub.in/events]
at org.testng.Assert.fail(Assert.java:99)
at org.testng.Assert.failNotEquals(Assert.java:1037)
at org.testng.Assert.assertEqualsImpl(Assert.java:140)
at org.testng.Assert.assertEquals(Assert.java:122)
at org.testng.Assert.assertEquals(Assert.java:629)
at org.testng.Assert.assertEquals(Assert.java:639)
at com.qa.workflow.EventMaster.userOnEventList(EventMaster.java:82)
at com.example.steps.EventMasterStep.user_is_navigated_to_the_event_list_page(EventMasterStep.java:43)
at ✽.user is navigated to the event list page(file:///F:/ComplianceTracker/CT-Automation/src/test/resources/feature/EventMaster.feature:22)
]]>
    </failure>
  </testcase> <!-- runScenario -->
  <system-out/>
  <testcase classname="com.example.runners.EventMasterRunner" name="runScenario" time="32.153">
    <failure message="expected [https://gt1.hcshub.in/home] but found [https://gt1.hcshub.in/events]" type="java.lang.AssertionError">
      <![CDATA[java.lang.AssertionError: expected [https://gt1.hcshub.in/home] but found [https://gt1.hcshub.in/events]
at org.testng.Assert.fail(Assert.java:99)
at org.testng.Assert.failNotEquals(Assert.java:1037)
at org.testng.Assert.assertEqualsImpl(Assert.java:140)
at org.testng.Assert.assertEquals(Assert.java:122)
at org.testng.Assert.assertEquals(Assert.java:629)
at org.testng.Assert.assertEquals(Assert.java:639)
at com.qa.workflow.EventMaster.userOnEventList(EventMaster.java:82)
at com.example.steps.EventMasterStep.user_is_navigated_to_the_event_list_page(EventMasterStep.java:43)
at ✽.user is navigated to the event list page(file:///F:/ComplianceTracker/CT-Automation/src/test/resources/feature/EventMaster.feature:11)
]]>
    </failure>
  </testcase> <!-- runScenario -->
  <system-out/>
</testsuite> <!-- com.example.runners.EventMasterRunner -->
