<?xml version="1.0" encoding="UTF-8"?>
<!-- Generated by org.testng.reporters.JUnitReportReporter -->
<testsuite hostname="LAPTOP-RCN6L798" failures="0" tests="1" name="com.qa.test.Test_LoginLogout" time="94.818" errors="0" timestamp="2023-05-22T11:49:06 IST" skipped="0">
  <testcase classname="com.qa.test.Test_LoginLogout" name="fnGrantThorntonLoginLogout" time="94.818"/>
  <system-out/>
</testsuite> <!-- com.qa.test.Test_LoginLogout -->
