<?xml version="1.0" encoding="UTF-8"?>
<!-- Generated by org.testng.reporters.JUnitReportReporter -->
<testsuite hostname="DESKTOP-5116VPI" failures="0" tests="5" name="com.example.runners.RegistrationRunner" time="162.629" errors="0" timestamp="2025-03-03T00:53:15 IST" skipped="0">
  <testcase classname="com.example.runners.RegistrationRunner" name="runScenario" time="20.318"/>
  <system-out/>
  <testcase classname="com.example.runners.RegistrationRunner" name="runScenario" time="21.490"/>
  <system-out/>
  <testcase classname="com.example.runners.RegistrationRunner" name="runScenario" time="25.274"/>
  <system-out/>
  <testcase classname="com.example.runners.RegistrationRunner" name="runScenario" time="69.885"/>
  <system-out/>
  <testcase classname="com.example.runners.RegistrationRunner" name="runScenario" time="25.662"/>
  <system-out/>
</testsuite> <!-- com.example.runners.RegistrationRunner -->
