<?xml version="1.0" encoding="UTF-8"?>
<!-- Generated by org.testng.reporters.JUnitReportReporter -->
<testsuite hostname="DESKTOP-GCKUP8E" failures="0" tests="2" name="com.example.runners.LawRunner" time="160.818" errors="0" timestamp="2023-12-12T14:27:20 IST" skipped="0">
  <testcase classname="com.example.runners.LawRunner" name="runScenario" time="82.723"/>
  <system-out/>
  <testcase classname="com.example.runners.LawRunner" name="runScenario" time="78.095"/>
  <system-out/>
</testsuite> <!-- com.example.runners.LawRunner -->
